STEP 1. Timeline (without violations or functional checks)!
----------------------------------------------------------
Result: sat
GLOBAL
queue                   | | | | | | | | | | | | | | | | | | | | | | | | | | | | | | | | | | | | | | | | | | | | | | | | | |
                       6|6|6|6|6|5|5|5|5|4|4|3|3|3|3|3|3|3|3|3|3|3|2|1|1|1|1|1|1|1|1|1|1|0|0|0|0|0|0|0|0|0|0|0|0|0|0|0|0|0|

ROBOT 1
battery(1)             1|1| |1|1| |1|1| | | | | | | | | |1|1| | | | | | | | | |1|1| | | | | | | | | |1|1| |1|1| |1|1| | | |
                       0|0|9|0|0|9|0|0|9|9|7|7|6|7|8|8|9|0|0|9|9|7|7|6|7|8|8|9|0|0|9|9|7|7|6|7|8|8|9|0|0|9|0|0|9|0|0|9|9|7|
                       0|0|4|0|0|4|0|0|4|0|4|0|4|2|0|8|6|0|0|4|0|4|0|4|2|0|8|6|0|0|4|0|4|0|4|2|0|8|6|0|0|4|0|0|4|0|0|4|0|4|
                       -+-+-+-+-+-+-+-+-+-+-+-+-+-+-+-+-+-+-+-+-+-+-+-+-+-+-+-+-+-+-+-+-+-+-+-+-+-+-+-+-+-+-+-+-+-+-+-+-+-+
moving(1)              .|1|.|.|1|.|.|1|.|.|.|1|.|.|.|.|.|.|1|.|.|.|1|.|.|.|.|.|.|1|.|.|.|1|.|.|.|.|.|.|1|.|.|1|.|.|1|.|.|.|
to_charge(1)           .|1|.|.|1|.|.|.|.|.|.|1|.|.|.|.|.|.|.|.|.|.|1|.|.|.|.|.|.|.|.|.|.|1|.|.|.|.|.|.|1|.|.|1|.|.|.|.|.|.|
charging(1)            1|.|1|1|.|1|1|.|.|.|.|.|1|1|1|1|1|1|.|.|.|.|.|1|1|1|1|1|1|.|.|.|.|.|1|1|1|1|1|1|.|1|1|.|1|1|.|.|.|.|
pause_and_smile(1)     .|.|1|1|.|1|1|.|1|.|1|.|1|1|1|1|1|1|.|1|.|1|.|1|1|1|1|1|1|.|1|.|1|.|1|1|1|1|1|1|.|1|1|.|1|1|.|1|.|.|
human_detected(1)      .|.|1|1|.|1|1|.|1|.|1|.|1|1|1|1|1|1|.|1|.|1|.|1|1|1|1|1|1|.|1|.|1|.|1|1|1|1|1|1|.|1|1|.|1|1|.|1|.|.|
emergency_button(1)    .|.|.|.|.|.|.|.|.|.|.|.|.|.|.|.|.|.|.|.|.|.|.|.|.|.|.|.|.|.|.|.|.|.|.|.|.|.|.|.|.|.|.|.|.|.|.|.|.|.|
emergency_stop(1)      .|.|.|.|.|.|.|.|.|.|.|.|.|.|.|.|.|.|.|.|.|.|.|.|.|.|.|.|.|.|.|.|.|.|.|.|.|.|.|.|.|.|.|.|.|.|.|.|.|.|
halted(1)              .|.|.|.|.|.|.|.|.|.|.|.|.|.|.|.|.|.|.|.|.|.|.|.|.|.|.|.|.|.|.|.|.|.|.|.|.|.|.|.|.|.|.|.|.|.|.|.|.|.|

ROBOT 2
battery(2)             1|1| | | | | | | | | | | | | | | | | |1| | | | | | | | | |1|1| |1|1| |1|1| |1|1| | | | | | | | | |1|
                       0|0|9|9|7|7|6|6|4|4|3|4|5|5|6|7|8|9|9|0|9|9|7|7|6|7|8|8|9|0|0|9|0|0|9|0|0|9|0|0|9|9|7|7|6|7|8|8|9|0|
                       0|0|4|0|4|0|4|0|4|0|4|2|0|8|6|4|2|0|8|0|4|0|4|0|4|2|0|8|6|0|0|4|0|0|4|0|0|4|0|0|4|0|4|0|4|2|0|8|6|0|
                       -+-+-+-+-+-+-+-+-+-+-+-+-+-+-+-+-+-+-+-+-+-+-+-+-+-+-+-+-+-+-+-+-+-+-+-+-+-+-+-+-+-+-+-+-+-+-+-+-+-+
moving(2)              .|1|.|.|.|1|.|.|.|1|.|.|.|.|.|.|.|.|.|1|.|.|.|1|.|.|.|.|.|.|1|.|.|1|.|.|1|.|.|1|.|.|.|1|.|.|.|.|.|.|
to_charge(2)           .|.|.|.|.|.|.|.|.|1|.|.|.|.|.|.|.|.|.|.|.|.|.|1|.|.|.|.|.|.|1|.|.|1|.|.|1|.|.|.|.|.|.|1|.|.|.|.|.|.|
charging(2)            1|.|.|.|.|.|.|.|.|.|1|1|1|1|1|1|1|1|1|.|.|.|.|.|1|1|1|1|1|1|.|1|1|.|1|1|.|1|1|.|.|.|.|.|1|1|1|1|1|1|
pause_and_smile(2)     .|.|1|.|1|.|1|.|1|.|1|1|1|1|1|1|1|1|1|.|1|.|1|.|1|1|1|1|1|1|.|1|1|.|1|1|.|1|1|.|1|.|1|.|1|1|1|1|1|.|
human_detected(2)      .|.|1|.|1|.|1|.|1|.|1|1|1|1|1|1|1|1|1|.|1|.|1|.|1|1|1|1|1|1|.|1|1|.|1|1|.|1|1|.|1|.|1|.|1|1|1|1|1|.|
emergency_button(2)    .|.|.|.|.|.|.|.|.|.|.|.|.|.|.|.|.|.|.|.|.|.|.|.|.|.|.|.|.|.|.|.|.|.|.|.|.|.|.|.|.|.|.|.|.|.|.|.|.|.|
emergency_stop(2)      .|.|.|.|.|.|.|.|.|.|.|.|.|.|.|.|.|.|.|.|.|.|.|.|.|.|.|.|.|.|.|.|.|.|.|.|.|.|.|.|.|.|.|.|.|.|.|.|.|.|
halted(2)              .|.|.|.|.|.|.|.|.|.|.|.|.|.|.|.|.|.|.|.|.|.|.|.|.|.|.|.|.|.|.|.|.|.|.|.|.|.|.|.|.|.|.|.|.|.|.|.|.|.|

ROOM 1 and ROBOT 1
to_room(1, 1)          .|.|.|.|.|.|.|.|.|.|.|.|.|.|.|.|.|.|.|.|.|.|.|.|.|.|.|.|.|.|.|.|.|.|.|.|.|.|.|.|.|.|.|.|.|.|.|.|.|.|
in_doorway(1, 1)       .|.|.|.|.|.|.|.|.|.|.|.|.|.|.|.|.|.|.|.|.|.|.|.|.|.|.|.|.|.|.|.|.|.|.|.|.|.|.|.|.|.|.|.|.|.|.|.|.|.|
in_room(1, 1)          .|.|.|.|.|.|.|.|.|.|.|.|.|.|.|.|.|.|.|.|.|.|.|.|.|.|.|.|.|.|.|.|.|.|.|.|.|.|.|.|.|.|.|.|.|.|.|.|.|.|
uv_on(1, 1)            .|.|.|.|.|.|.|.|.|.|.|.|.|.|.|.|.|.|.|.|.|.|.|.|.|.|.|.|.|.|.|.|.|.|.|.|.|.|.|.|.|.|.|.|.|.|.|.|.|.|
cleaning(1, 1)         .|.|.|.|.|.|.|.|.|.|.|.|.|.|.|.|.|.|.|.|.|.|.|.|.|.|.|.|.|.|.|.|.|.|.|.|.|.|.|.|.|.|.|.|.|.|.|.|.|.|
out_doorway(1, 1)      .|.|.|.|.|.|.|.|.|.|.|.|.|.|.|.|.|.|.|.|.|.|.|.|.|.|.|.|.|.|.|.|.|.|.|.|.|.|.|.|.|.|.|.|.|.|.|.|.|.|

ROOM 1 and ROBOT 2
to_room(1, 2)          .|.|.|.|.|.|.|.|.|.|.|.|.|.|.|.|.|.|.|1|.|.|.|.|.|.|.|.|.|.|.|.|.|.|.|.|.|.|.|1|.|.|.|.|.|.|.|.|.|.|
in_doorway(1, 2)       .|.|.|.|.|.|.|.|.|.|.|.|.|.|.|.|.|.|.|.|1|.|.|.|.|.|.|.|.|.|.|.|.|.|.|.|.|.|.|.|1|.|.|.|.|.|.|.|.|.|
in_room(1, 2)          .|.|.|.|.|.|.|.|.|.|.|.|.|.|.|.|.|.|.|.|.|1|.|.|.|.|.|.|.|.|.|.|.|.|.|.|.|.|.|.|.|1|.|.|.|.|.|.|.|.|
uv_on(1, 2)            .|.|.|.|.|.|.|.|.|.|.|.|.|.|.|.|.|.|.|.|.|1|.|.|.|.|.|.|.|.|.|.|.|.|.|.|.|.|.|.|.|1|.|.|.|.|.|.|.|.|
cleaning(1, 2)         .|.|.|.|.|.|.|.|.|.|.|.|.|.|.|.|.|.|.|.|.|1|.|.|.|.|.|.|.|.|.|.|.|.|.|.|.|.|.|.|.|1|.|.|.|.|.|.|.|.|
out_doorway(1, 2)      .|.|.|.|.|.|.|.|.|.|.|.|.|.|.|.|.|.|.|.|.|.|1|.|.|.|.|.|.|.|.|.|.|.|.|.|.|.|.|.|.|.|1|.|.|.|.|.|.|.|

ROOM 2 and ROBOT 1
to_room(2, 1)          .|.|.|.|.|.|.|1|.|.|.|.|.|.|.|.|.|.|1|.|.|.|.|.|.|.|.|.|.|1|.|.|.|.|.|.|.|.|.|.|.|.|.|.|.|.|1|.|.|.|
in_doorway(2, 1)       .|.|.|.|.|.|.|.|1|.|.|.|.|.|.|.|.|.|.|1|.|.|.|.|.|.|.|.|.|.|1|.|.|.|.|.|.|.|.|.|.|.|.|.|.|.|.|1|.|.|
in_room(2, 1)          .|.|.|.|.|.|.|.|.|1|.|.|.|.|.|.|.|.|.|.|1|.|.|.|.|.|.|.|.|.|.|1|.|.|.|.|.|.|.|.|.|.|.|.|.|.|.|.|1|.|
uv_on(2, 1)            .|.|.|.|.|.|.|.|.|1|.|.|.|.|.|.|.|.|.|.|1|.|.|.|.|.|.|.|.|.|.|1|.|.|.|.|.|.|.|.|.|.|.|.|.|.|.|.|1|.|
cleaning(2, 1)         .|.|.|.|.|.|.|.|.|1|.|.|.|.|.|.|.|.|.|.|1|.|.|.|.|.|.|.|.|.|.|1|.|.|.|.|.|.|.|.|.|.|.|.|.|.|.|.|1|.|
out_doorway(2, 1)      .|.|.|.|.|.|.|.|.|.|1|.|.|.|.|.|.|.|.|.|.|1|.|.|.|.|.|.|.|.|.|.|1|.|.|.|.|.|.|.|.|.|.|.|.|.|.|.|.|1|

ROOM 2 and ROBOT 2
to_room(2, 2)          .|1|.|.|.|1|.|.|.|.|.|.|.|.|.|.|.|.|.|.|.|.|.|.|.|.|.|.|.|.|.|.|.|.|.|.|.|.|.|.|.|.|.|.|.|.|.|.|.|.|
in_doorway(2, 2)       .|.|1|.|.|.|1|.|.|.|.|.|.|.|.|.|.|.|.|.|.|.|.|.|.|.|.|.|.|.|.|.|.|.|.|.|.|.|.|.|.|.|.|.|.|.|.|.|.|.|
in_room(2, 2)          .|.|.|1|.|.|.|1|.|.|.|.|.|.|.|.|.|.|.|.|.|.|.|.|.|.|.|.|.|.|.|.|.|.|.|.|.|.|.|.|.|.|.|.|.|.|.|.|.|.|
uv_on(2, 2)            .|.|.|1|.|.|.|1|.|.|.|.|.|.|.|.|.|.|.|.|.|.|.|.|.|.|.|.|.|.|.|.|.|.|.|.|.|.|.|.|.|.|.|.|.|.|.|.|.|.|
cleaning(2, 2)         .|.|.|1|.|.|.|1|.|.|.|.|.|.|.|.|.|.|.|.|.|.|.|.|.|.|.|.|.|.|.|.|.|.|.|.|.|.|.|.|.|.|.|.|.|.|.|.|.|.|
out_doorway(2, 2)      .|.|.|.|1|.|.|.|1|.|.|.|.|.|.|.|.|.|.|.|.|.|.|.|.|.|.|.|.|.|.|.|.|.|.|.|.|.|.|.|.|.|.|.|.|.|.|.|.|.|

ROOM 1
room_cleaned(1)        .|.|.|.|.|.|.|.|.|.|.|.|.|.|.|.|.|.|.|.|.|.|1|.|.|.|.|.|.|.|.|.|.|.|.|.|.|.|.|.|.|.|1|1|1|1|1|1|1|1|
room_used(1)           .|.|.|.|.|.|.|.|.|.|.|.|.|.|.|.|.|.|.|.|.|.|1|.|.|.|.|.|.|.|.|.|.|.|.|.|.|.|.|.|.|.|.|.|.|.|.|.|.|.|

ROOM 2
room_cleaned(2)        .|.|.|.|1|.|.|.|1|.|1|.|.|.|.|.|.|.|.|.|.|1|.|.|.|.|.|.|.|.|.|.|1|.|.|.|.|.|.|.|.|.|.|.|.|.|.|.|.|1|
room_used(2)           .|.|.|.|1|.|.|.|1|.|1|.|.|.|.|.|.|.|.|.|.|1|.|.|.|.|.|.|.|.|.|.|1|.|.|.|.|.|.|.|.|.|.|.|.|.|.|.|.|.|

STEP 2. Timeline (without violations with functional checks)!
------------------------------------------------------------
Result: sat
GLOBAL
queue                   | | | | | | | | | | | | | | | | | | | | | | | | | | | | | | | | | | | | | | | | | | | | | | | | | |
                       6|6|6|6|6|6|6|6|5|5|5|5|5|5|4|4|4|4|4|4|4|4|4|4|4|3|3|3|2|2|2|2|1|1|1|1|1|1|1|1|1|1|0|0|0|0|0|0|0|0|

ROBOT 1
battery(1)             1|1| |1|1| | | | | | | | | |1|1| |1|1| |1|1| |1|1| | | | | | | | | | | | | | | | | |1| |1|1| |1|1| |
                       0|0|9|0|0|9|9|7|7|6|7|8|8|9|0|0|9|0|0|9|0|0|9|0|0|9|9|7|7|6|6|4|4|3|4|5|5|6|7|8|9|9|0|9|0|0|9|0|0|9|
                       0|0|4|0|0|4|0|4|0|4|2|0|8|6|0|0|4|0|0|4|0|0|4|0|0|4|0|4|0|4|0|4|0|4|2|0|8|6|4|2|0|8|0|4|0|0|4|0|0|4|
                       -+-+-+-+-+-+-+-+-+-+-+-+-+-+-+-+-+-+-+-+-+-+-+-+-+-+-+-+-+-+-+-+-+-+-+-+-+-+-+-+-+-+-+-+-+-+-+-+-+-+
moving(1)              .|1|.|.|1|.|.|.|1|.|.|.|.|.|.|1|.|.|1|.|.|1|.|.|1|.|.|.|1|.|.|.|1|.|.|.|.|.|.|.|.|.|1|.|.|1|.|.|1|.|
to_charge(1)           .|1|.|.|.|.|.|.|1|.|.|.|.|.|.|1|.|.|1|.|.|1|.|.|.|.|.|.|.|.|.|.|1|.|.|.|.|.|.|.|.|.|1|.|.|1|.|.|.|.|
charging(1)            1|.|1|1|.|.|.|.|.|1|1|1|1|1|1|.|1|1|.|1|1|.|1|1|.|.|.|.|.|.|.|.|.|1|1|1|1|1|1|1|1|1|.|1|1|.|1|1|.|.|
pause_and_smile(1)     .|.|1|1|.|1|.|1|.|1|1|1|1|1|1|.|1|1|.|1|1|.|1|1|.|1|.|1|.|1|.|1|.|1|1|1|1|1|1|1|1|1|.|1|1|.|1|1|.|.|
human_detected(1)      .|.|1|1|.|1|.|1|.|1|1|1|1|1|1|.|1|1|.|1|1|.|1|1|.|1|.|1|.|1|.|1|.|1|1|1|1|1|1|1|1|1|.|1|1|.|1|1|.|.|
emergency_button(1)    .|.|.|.|.|.|.|.|.|.|.|.|.|.|.|.|.|.|.|.|.|.|.|.|.|.|.|.|.|.|.|.|.|.|.|.|.|.|.|.|.|.|.|.|.|.|.|.|.|.|
emergency_stop(1)      .|.|.|.|.|.|.|.|.|.|.|.|.|.|.|.|.|.|.|.|.|.|.|.|.|.|.|.|.|.|.|.|.|.|.|.|.|.|.|.|.|.|.|.|.|.|.|.|.|.|
halted(1)              .|.|.|.|.|.|.|.|.|.|.|.|.|.|.|.|.|.|.|.|.|.|.|.|.|.|.|.|.|.|.|.|.|.|.|.|.|.|.|.|.|.|.|.|.|.|.|.|.|.|

ROBOT 2
battery(2)             1|1| |1|1| |1|1| |1|1| | | | | | | | | |1|1| | | | | | | | | |1|1| |1|1| |1|1| | | | | | | | | | | |
                       0|0|9|0|0|9|0|0|9|0|0|9|9|7|7|6|7|8|8|9|0|0|9|9|7|7|6|7|8|8|9|0|0|9|0|0|9|0|0|9|9|7|7|6|6|4|4|3|3|1|
                       0|0|4|0|0|4|0|0|4|0|0|4|0|4|0|4|2|0|8|6|0|0|4|0|4|0|4|2|0|8|6|0|0|4|0|0|4|0|0|4|0|4|0|4|0|4|0|4|0|4|
                       -+-+-+-+-+-+-+-+-+-+-+-+-+-+-+-+-+-+-+-+-+-+-+-+-+-+-+-+-+-+-+-+-+-+-+-+-+-+-+-+-+-+-+-+-+-+-+-+-+-+
moving(2)              .|1|.|.|1|.|.|1|.|.|1|.|.|.|1|.|.|.|.|.|.|1|.|.|.|1|.|.|.|.|.|.|1|.|.|1|.|.|1|.|.|.|1|.|.|.|1|.|.|.|
to_charge(2)           .|1|.|.|1|.|.|1|.|.|.|.|.|.|1|.|.|.|.|.|.|.|.|.|.|1|.|.|.|.|.|.|1|.|.|1|.|.|.|.|.|.|.|.|.|.|.|.|.|.|
charging(2)            1|.|1|1|.|1|1|.|1|1|.|.|.|.|.|1|1|1|1|1|1|.|.|.|.|.|1|1|1|1|1|1|.|1|1|.|1|1|.|.|.|.|.|.|.|.|.|.|.|.|
pause_and_smile(2)     .|.|1|1|.|1|1|.|1|1|.|1|.|1|.|1|1|1|1|1|1|.|1|.|1|.|1|1|1|1|1|1|.|1|1|.|1|1|.|1|.|1|.|1|.|1|.|1|.|.|
human_detected(2)      .|.|1|1|.|1|1|.|1|1|.|1|.|1|.|1|1|1|1|1|1|.|1|.|1|.|1|1|1|1|1|1|.|1|1|.|1|1|.|1|.|1|.|1|.|1|.|1|.|.|
emergency_button(2)    .|.|.|.|.|.|.|.|.|.|.|.|.|.|.|.|.|.|.|.|.|.|.|.|.|.|.|.|.|.|.|.|.|.|.|.|.|.|.|.|.|.|.|.|.|.|.|.|.|.|
emergency_stop(2)      .|.|.|.|.|.|.|.|.|.|.|.|.|.|.|.|.|.|.|.|.|.|.|.|.|.|.|.|.|.|.|.|.|.|.|.|.|.|.|.|.|.|.|.|.|.|.|.|.|.|
halted(2)              .|.|.|.|.|.|.|.|.|.|.|.|.|.|.|.|.|.|.|.|.|.|.|.|.|.|.|.|.|.|.|.|.|.|.|.|.|.|.|.|.|.|.|.|.|.|.|.|.|.|

ROOM 1 and ROBOT 1
to_room(1, 1)          .|.|.|.|.|.|.|.|.|.|.|.|.|.|.|.|.|.|.|.|.|.|.|.|.|.|.|.|.|.|.|.|.|.|.|.|.|.|.|.|.|.|.|.|.|.|.|.|1|.|
in_doorway(1, 1)       .|.|.|.|.|.|.|.|.|.|.|.|.|.|.|.|.|.|.|.|.|.|.|.|.|.|.|.|.|.|.|.|.|.|.|.|.|.|.|.|.|.|.|.|.|.|.|.|.|1|
in_room(1, 1)          .|.|.|.|.|.|.|.|.|.|.|.|.|.|.|.|.|.|.|.|.|.|.|.|.|.|.|.|.|.|.|.|.|.|.|.|.|.|.|.|.|.|.|.|.|.|.|.|.|.|
uv_on(1, 1)            .|.|.|.|.|.|.|.|.|.|.|.|.|.|.|.|.|.|.|.|.|.|.|.|.|.|.|.|.|.|.|.|.|.|.|.|.|.|.|.|.|.|.|.|.|.|.|.|.|.|
cleaning(1, 1)         .|.|.|.|.|.|.|.|.|.|.|.|.|.|.|.|.|.|.|.|.|.|.|.|.|.|.|.|.|.|.|.|.|.|.|.|.|.|.|.|.|.|.|.|.|.|.|.|.|.|
out_doorway(1, 1)      .|.|.|.|.|.|.|.|.|.|.|.|.|.|.|.|.|.|.|.|.|.|.|.|.|.|.|.|.|.|.|.|.|.|.|.|.|.|.|.|.|.|.|.|.|.|.|.|.|.|

ROOM 1 and ROBOT 2
to_room(1, 2)          .|.|.|.|.|.|.|.|.|.|1|.|.|.|.|.|.|.|.|.|.|1|.|.|.|.|.|.|.|.|.|.|.|.|.|.|.|.|.|.|.|.|.|.|.|.|1|.|.|.|
in_doorway(1, 2)       .|.|.|.|.|.|.|.|.|.|.|1|.|.|.|.|.|.|.|.|.|.|1|.|.|.|.|.|.|.|.|.|.|.|.|.|.|.|.|.|.|.|.|.|.|.|.|1|.|.|
in_room(1, 2)          .|.|.|.|.|.|.|.|.|.|.|.|1|.|.|.|.|.|.|.|.|.|.|1|.|.|.|.|.|.|.|.|.|.|.|.|.|.|.|.|.|.|.|.|.|.|.|.|1|.|
uv_on(1, 2)            .|.|.|.|.|.|.|.|.|.|.|.|1|.|.|.|.|.|.|.|.|.|.|1|.|.|.|.|.|.|.|.|.|.|.|.|.|.|.|.|.|.|.|.|.|.|.|.|1|.|
cleaning(1, 2)         .|.|.|.|.|.|.|.|.|.|.|.|1|.|.|.|.|.|.|.|.|.|.|1|.|.|.|.|.|.|.|.|.|.|.|.|.|.|.|.|.|.|.|.|.|.|.|.|1|.|
out_doorway(1, 2)      .|.|.|.|.|.|.|.|.|.|.|.|.|1|.|.|.|.|.|.|.|.|.|.|1|.|.|.|.|.|.|.|.|.|.|.|.|.|.|.|.|.|.|.|.|.|.|.|.|1|

ROOM 2 and ROBOT 1
to_room(2, 1)          .|.|.|.|1|.|.|.|.|.|.|.|.|.|.|.|.|.|.|.|.|.|.|.|1|.|.|.|1|.|.|.|.|.|.|.|.|.|.|.|.|.|.|.|.|.|.|.|.|.|
in_doorway(2, 1)       .|.|.|.|.|1|.|.|.|.|.|.|.|.|.|.|.|.|.|.|.|.|.|.|.|1|.|.|.|1|.|.|.|.|.|.|.|.|.|.|.|.|.|.|.|.|.|.|.|.|
in_room(2, 1)          .|.|.|.|.|.|1|.|.|.|.|.|.|.|.|.|.|.|.|.|.|.|.|.|.|.|1|.|.|.|1|.|.|.|.|.|.|.|.|.|.|.|.|.|.|.|.|.|.|.|
uv_on(2, 1)            .|.|.|.|.|.|1|.|.|.|.|.|.|.|.|.|.|.|.|.|.|.|.|.|.|.|1|.|.|.|1|.|.|.|.|.|.|.|.|.|.|.|.|.|.|.|.|.|.|.|
cleaning(2, 1)         .|.|.|.|.|.|1|.|.|.|.|.|.|.|.|.|.|.|.|.|.|.|.|.|.|.|1|.|.|.|1|.|.|.|.|.|.|.|.|.|.|.|.|.|.|.|.|.|.|.|
out_doorway(2, 1)      .|.|.|.|.|.|.|1|.|.|.|.|.|.|.|.|.|.|.|.|.|.|.|.|.|.|.|1|.|.|.|1|.|.|.|.|.|.|.|.|.|.|.|.|.|.|.|.|.|.|

ROOM 2 and ROBOT 2
to_room(2, 2)          .|.|.|.|.|.|.|.|.|.|.|.|.|.|.|.|.|.|.|.|.|.|.|.|.|.|.|.|.|.|.|.|.|.|.|.|.|.|1|.|.|.|1|.|.|.|.|.|.|.|
in_doorway(2, 2)       .|.|.|.|.|.|.|.|.|.|.|.|.|.|.|.|.|.|.|.|.|.|.|.|.|.|.|.|.|.|.|.|.|.|.|.|.|.|.|1|.|.|.|1|.|.|.|.|.|.|
in_room(2, 2)          .|.|.|.|.|.|.|.|.|.|.|.|.|.|.|.|.|.|.|.|.|.|.|.|.|.|.|.|.|.|.|.|.|.|.|.|.|.|.|.|1|.|.|.|1|.|.|.|.|.|
uv_on(2, 2)            .|.|.|.|.|.|.|.|.|.|.|.|.|.|.|.|.|.|.|.|.|.|.|.|.|.|.|.|.|.|.|.|.|.|.|.|.|.|.|.|1|.|.|.|1|.|.|.|.|.|
cleaning(2, 2)         .|.|.|.|.|.|.|.|.|.|.|.|.|.|.|.|.|.|.|.|.|.|.|.|.|.|.|.|.|.|.|.|.|.|.|.|.|.|.|.|1|.|.|.|1|.|.|.|.|.|
out_doorway(2, 2)      .|.|.|.|.|.|.|.|.|.|.|.|.|.|.|.|.|.|.|.|.|.|.|.|.|.|.|.|.|.|.|.|.|.|.|.|.|.|.|.|.|1|.|.|.|1|.|.|.|.|

ROOM 1
room_cleaned(1)        .|.|.|.|.|.|.|.|.|.|.|.|.|1|.|.|.|.|.|.|.|.|.|.|1|.|.|.|.|.|.|.|.|.|.|.|.|.|.|.|.|.|.|.|.|.|.|.|.|1|
room_used(1)           .|.|.|.|.|.|.|.|.|.|.|.|.|1|.|.|.|.|.|.|.|.|.|.|1|.|.|.|.|.|.|.|.|.|.|.|.|.|.|.|.|.|.|.|.|.|.|.|.|.|

ROOM 2
room_cleaned(2)        .|.|.|.|.|.|.|1|.|.|.|.|.|.|.|.|.|.|.|.|.|.|.|.|.|.|.|1|.|.|.|1|.|.|.|.|.|.|.|.|.|1|.|.|.|1|1|1|1|1|
room_used(2)           .|.|.|.|.|.|.|1|.|.|.|.|.|.|.|.|.|.|.|.|.|.|.|.|.|.|.|1|.|.|.|1|.|.|.|.|.|.|.|.|.|1|.|.|.|.|.|.|.|.|

STEP 3. Timeline (with violations AND with functional checks)!
-------------------------------------------------------------
Result: unsat

Humans never saw UV. Robot didn't halt in doorway - so safe for 50 steps
